  [1m[35m (0.5ms)[0m  [1m[34mSELECT sqlite_version(*)[0m
  ↳ /Users/andrewborstein/.rbenv/versions/2.3.7/bin/rake:22
  [1m[35m (1.2ms)[0m  [1m[35mCREATE TABLE "schema_migrations" ("version" varchar NOT NULL PRIMARY KEY)[0m
  ↳ /Users/andrewborstein/.rbenv/versions/2.3.7/bin/rake:22
  [1m[35m (1.2ms)[0m  [1m[35mCREATE TABLE "ar_internal_metadata" ("key" varchar NOT NULL PRIMARY KEY, "value" varchar, "created_at" datetime NOT NULL, "updated_at" datetime NOT NULL)[0m
  ↳ /Users/andrewborstein/.rbenv/versions/2.3.7/bin/rake:22
  [1m[35m (0.3ms)[0m  [1m[34mSELECT "schema_migrations"."version" FROM "schema_migrations" ORDER BY "schema_migrations"."version" ASC[0m
  ↳ /Users/andrewborstein/.rbenv/versions/2.3.7/bin/rake:22
Migrating to CreateMessages (20180603035506)
  [1m[35m (0.1ms)[0m  [1m[36mbegin transaction[0m
  ↳ /Users/andrewborstein/.rbenv/versions/2.3.7/bin/rake:22
  [1m[35m (0.5ms)[0m  [1m[35mCREATE TABLE "messages" ("id" integer PRIMARY KEY AUTOINCREMENT NOT NULL, "name" varchar, "spec" varchar, "created_at" datetime NOT NULL, "updated_at" datetime NOT NULL)[0m
  ↳ db/migrate/20180603035506_create_messages.rb:3
  [1m[36mActiveRecord::SchemaMigration Create (0.2ms)[0m  [1m[32mINSERT INTO "schema_migrations" ("version") VALUES (?)[0m  [["version", "20180603035506"]]
  ↳ /Users/andrewborstein/.rbenv/versions/2.3.7/bin/rake:22
  [1m[35m (16.6ms)[0m  [1m[36mcommit transaction[0m
  ↳ /Users/andrewborstein/.rbenv/versions/2.3.7/bin/rake:22
  [1m[36mActiveRecord::InternalMetadata Load (0.2ms)[0m  [1m[34mSELECT  "ar_internal_metadata".* FROM "ar_internal_metadata" WHERE "ar_internal_metadata"."key" = ? LIMIT ?[0m  [["key", "environment"], ["LIMIT", 1]]
  ↳ /Users/andrewborstein/.rbenv/versions/2.3.7/bin/rake:22
  [1m[35m (0.2ms)[0m  [1m[36mbegin transaction[0m
  ↳ /Users/andrewborstein/.rbenv/versions/2.3.7/bin/rake:22
  [1m[36mActiveRecord::InternalMetadata Create (0.5ms)[0m  [1m[32mINSERT INTO "ar_internal_metadata" ("key", "value", "created_at", "updated_at") VALUES (?, ?, ?, ?)[0m  [["key", "environment"], ["value", "development"], ["created_at", "2018-06-03 03:56:47.322423"], ["updated_at", "2018-06-03 03:56:47.322423"]]
  ↳ /Users/andrewborstein/.rbenv/versions/2.3.7/bin/rake:22
  [1m[35m (0.9ms)[0m  [1m[36mcommit transaction[0m
  ↳ /Users/andrewborstein/.rbenv/versions/2.3.7/bin/rake:22
  [1m[35m (0.1ms)[0m  [1m[34mSELECT "schema_migrations"."version" FROM "schema_migrations" ORDER BY "schema_migrations"."version" ASC[0m
  ↳ /Users/andrewborstein/.rbenv/versions/2.3.7/bin/rake:22
Started GET "/" for 127.0.0.1 at 2018-06-02 23:57:38 -0400
  [1m[35m (0.6ms)[0m  [1m[34mSELECT "schema_migrations"."version" FROM "schema_migrations" ORDER BY "schema_migrations"."version" ASC[0m
  ↳ /Users/andrewborstein/.rbenv/versions/2.3.7/lib/ruby/gems/2.3.0/gems/activerecord-5.2.0/lib/active_record/log_subscriber.rb:98
Processing by Rails::WelcomeController#index as HTML
  Rendering /Users/andrewborstein/.rbenv/versions/2.3.7/lib/ruby/gems/2.3.0/gems/railties-5.2.0/lib/rails/templates/rails/welcome/index.html.erb
  Rendered /Users/andrewborstein/.rbenv/versions/2.3.7/lib/ruby/gems/2.3.0/gems/railties-5.2.0/lib/rails/templates/rails/welcome/index.html.erb (8.9ms)
Completed 200 OK in 60ms (Views: 34.7ms | ActiveRecord: 0.0ms)


